2019-02-14 21:42:31,102 INFO o.a.j.u.JMeterUtils: Setting Locale to en_EN
2019-02-14 21:42:31,133 INFO o.a.j.JMeter: Loading user properties from: /home/lea/eclipse-workspace/TEST/apache-jmeter-5.0/bin/user.properties
2019-02-14 21:42:31,134 INFO o.a.j.JMeter: Loading system properties from: /home/lea/eclipse-workspace/TEST/apache-jmeter-5.0/bin/system.properties
2019-02-14 21:42:31,134 INFO o.a.j.JMeter: Loading additional properties from: /home/lea/github/TPFelixCamix/Camix_Java-v0.4/jmeter/properties/user.properties
2019-02-14 21:42:31,140 INFO o.a.j.JMeter: Copyright (c) 1998-2018 The Apache Software Foundation
2019-02-14 21:42:31,140 INFO o.a.j.JMeter: Version 5.0 r1840935
2019-02-14 21:42:31,141 INFO o.a.j.JMeter: java.version=10.0.2
2019-02-14 21:42:31,141 INFO o.a.j.JMeter: java.vm.name=OpenJDK 64-Bit Server VM
2019-02-14 21:42:31,141 INFO o.a.j.JMeter: os.name=Linux
2019-02-14 21:42:31,141 INFO o.a.j.JMeter: os.arch=amd64
2019-02-14 21:42:31,141 INFO o.a.j.JMeter: os.version=4.15.0-43-generic
2019-02-14 21:42:31,141 INFO o.a.j.JMeter: file.encoding=UTF-8
2019-02-14 21:42:31,141 INFO o.a.j.JMeter: Max memory     =1073741824
2019-02-14 21:42:31,141 INFO o.a.j.JMeter: Available Processors =8
2019-02-14 21:42:31,151 INFO o.a.j.JMeter: Default Locale=English (EN)
2019-02-14 21:42:31,151 INFO o.a.j.JMeter: JMeter  Locale=English (EN)
2019-02-14 21:42:31,151 INFO o.a.j.JMeter: JMeterHome=/home/lea/eclipse-workspace/TEST/apache-jmeter-5.0
2019-02-14 21:42:31,152 INFO o.a.j.JMeter: user.dir  =/home/lea/github/TPFelixCamix/Camix_Java-v0.4
2019-02-14 21:42:31,152 INFO o.a.j.JMeter: PWD       =/home/lea/github/TPFelixCamix/Camix_Java-v0.4
2019-02-14 21:42:31,163 INFO o.a.j.JMeter: IP: 172.20.75.51 Name: leas-computer FullName: leas-computer.eduroam.emn.fr
2019-02-14 21:42:31,164 INFO o.a.j.JMeter: search_paths=./bin/
2019-02-14 21:42:31,164 INFO o.a.j.JMeter: Adding to classpath and loader: ./bin/
2019-02-14 21:42:31,824 INFO o.a.j.g.a.LookAndFeelCommand: Installing Darcula LAF
2019-02-14 21:42:31,850 INFO o.a.j.g.a.LookAndFeelCommand: Using look and feel: com.sun.java.swing.plaf.gtk.GTKLookAndFeel [Darcula]
2019-02-14 21:42:31,851 INFO o.a.j.JMeter: Setting LAF to: com.sun.java.swing.plaf.gtk.GTKLookAndFeel
2019-02-14 21:42:32,039 INFO o.a.j.JMeter: Loaded icon properties from org/apache/jmeter/images/icon.properties
2019-02-14 21:42:32,634 INFO o.a.j.e.u.CompoundVariable: Note: Function class names must contain the string: '.functions.'
2019-02-14 21:42:32,634 INFO o.a.j.e.u.CompoundVariable: Note: Function class names must not contain the string: '.gui.'
2019-02-14 21:42:33,403 INFO o.a.j.JMeter: Loading file: /home/lea/github/TPFelixCamix/Camix_Java-v0.4/jmeter/Plan_Test.jmx
2019-02-14 21:42:33,405 INFO o.a.j.s.FileServer: Default base='/home/lea/github/TPFelixCamix/Camix_Java-v0.4'
2019-02-14 21:42:33,407 INFO o.a.j.s.FileServer: Set new base='/home/lea/github/TPFelixCamix/Camix_Java-v0.4/jmeter'
2019-02-14 21:42:33,608 INFO o.a.j.s.SaveService: Testplan (JMX) version: 2.2. Testlog (JTL) version: 2.2
2019-02-14 21:42:33,627 INFO o.a.j.s.SaveService: Using SaveService properties version 5.0
2019-02-14 21:42:33,629 INFO o.a.j.s.SaveService: Using SaveService properties file encoding UTF-8
2019-02-14 21:42:33,632 INFO o.a.j.s.SaveService: Loading file: /home/lea/github/TPFelixCamix/Camix_Java-v0.4/jmeter/Plan_Test.jmx
2019-02-14 21:42:33,698 INFO o.a.j.s.FileServer: Set new base='/home/lea/github/TPFelixCamix/Camix_Java-v0.4/jmeter'
2019-02-14 21:42:33,962 INFO o.a.j.s.SampleResult: Note: Sample TimeStamps are START times
2019-02-14 21:42:33,962 INFO o.a.j.s.SampleResult: sampleresult.default.encoding is set to ISO-8859-1
2019-02-14 21:42:33,962 INFO o.a.j.s.SampleResult: sampleresult.useNanoTime=true
2019-02-14 21:42:33,962 INFO o.a.j.s.SampleResult: sampleresult.nanoThreadSleep=5000
2019-02-14 21:42:34,016 WARN o.a.j.v.ViewResultsFullVisualizer: Error loading result renderer: org.apache.jmeter.visualizers.RenderInBrowser
java.lang.NoClassDefFoundError: javafx/embed/swing/JFXPanel
	at java.lang.Class.forName0(Native Method) ~[?:?]
	at java.lang.Class.forName(Class.java:291) ~[?:?]
	at org.apache.jmeter.visualizers.ViewResultsFullVisualizer.createComboRender(ViewResultsFullVisualizer.java:462) [ApacheJMeter_components.jar:5.0 r1840935]
	at org.apache.jmeter.visualizers.ViewResultsFullVisualizer.createLeftPanel(ViewResultsFullVisualizer.java:430) [ApacheJMeter_components.jar:5.0 r1840935]
	at org.apache.jmeter.visualizers.ViewResultsFullVisualizer.init(ViewResultsFullVisualizer.java:342) [ApacheJMeter_components.jar:5.0 r1840935]
	at org.apache.jmeter.visualizers.ViewResultsFullVisualizer.<init>(ViewResultsFullVisualizer.java:147) [ApacheJMeter_components.jar:5.0 r1840935]
	at jdk.internal.reflect.NativeConstructorAccessorImpl.newInstance0(Native Method) ~[?:?]
	at jdk.internal.reflect.NativeConstructorAccessorImpl.newInstance(NativeConstructorAccessorImpl.java:62) ~[?:?]
	at jdk.internal.reflect.DelegatingConstructorAccessorImpl.newInstance(DelegatingConstructorAccessorImpl.java:45) ~[?:?]
	at java.lang.reflect.Constructor.newInstance(Constructor.java:488) ~[?:?]
	at java.lang.Class.newInstance(Class.java:560) [?:?]
	at org.apache.jmeter.gui.GuiPackage.getGuiFromCache(GuiPackage.java:405) [ApacheJMeter_core.jar:5.0 r1840935]
	at org.apache.jmeter.gui.GuiPackage.getGui(GuiPackage.java:251) [ApacheJMeter_core.jar:5.0 r1840935]
	at org.apache.jmeter.gui.GuiPackage.getGui(GuiPackage.java:222) [ApacheJMeter_core.jar:5.0 r1840935]
	at org.apache.jmeter.gui.tree.JMeterTreeModel.addComponent(JMeterTreeModel.java:157) [ApacheJMeter_core.jar:5.0 r1840935]
	at org.apache.jmeter.gui.tree.JMeterTreeModel.addSubTree(JMeterTreeModel.java:133) [ApacheJMeter_core.jar:5.0 r1840935]
	at org.apache.jmeter.gui.tree.JMeterTreeModel.addSubTree(JMeterTreeModel.java:125) [ApacheJMeter_core.jar:5.0 r1840935]
	at org.apache.jmeter.gui.GuiPackage.addSubTree(GuiPackage.java:522) [ApacheJMeter_core.jar:5.0 r1840935]
	at org.apache.jmeter.gui.action.Load.insertLoadedTree(Load.java:200) [ApacheJMeter_core.jar:5.0 r1840935]
	at org.apache.jmeter.gui.action.Load.insertLoadedTree(Load.java:236) [ApacheJMeter_core.jar:5.0 r1840935]
	at org.apache.jmeter.JMeter.startGui(JMeter.java:407) [ApacheJMeter_core.jar:5.0 r1840935]
	at org.apache.jmeter.JMeter.start(JMeter.java:536) [ApacheJMeter_core.jar:5.0 r1840935]
	at jdk.internal.reflect.NativeMethodAccessorImpl.invoke0(Native Method) ~[?:?]
	at jdk.internal.reflect.NativeMethodAccessorImpl.invoke(NativeMethodAccessorImpl.java:62) ~[?:?]
	at jdk.internal.reflect.DelegatingMethodAccessorImpl.invoke(DelegatingMethodAccessorImpl.java:43) ~[?:?]
	at java.lang.reflect.Method.invoke(Method.java:564) ~[?:?]
	at org.apache.jmeter.NewDriver.main(NewDriver.java:245) [ApacheJMeter.jar:5.0 r1840935]
Caused by: java.lang.ClassNotFoundException: javafx.embed.swing.JFXPanel
	at java.net.URLClassLoader.findClass(URLClassLoader.java:466) ~[?:?]
	at java.lang.ClassLoader.loadClass(ClassLoader.java:566) ~[?:?]
	at java.lang.ClassLoader.loadClass(ClassLoader.java:499) ~[?:?]
	... 27 more
2019-02-14 21:42:34,787 INFO o.a.j.p.h.s.HTTPSamplerBase: Parser for text/html is org.apache.jmeter.protocol.http.parser.LagartoBasedHtmlParser
2019-02-14 21:42:34,789 INFO o.a.j.p.h.s.HTTPSamplerBase: Parser for application/xhtml+xml is org.apache.jmeter.protocol.http.parser.LagartoBasedHtmlParser
2019-02-14 21:42:34,789 INFO o.a.j.p.h.s.HTTPSamplerBase: Parser for application/xml is org.apache.jmeter.protocol.http.parser.LagartoBasedHtmlParser
2019-02-14 21:42:34,789 INFO o.a.j.p.h.s.HTTPSamplerBase: Parser for text/xml is org.apache.jmeter.protocol.http.parser.LagartoBasedHtmlParser
2019-02-14 21:42:34,789 INFO o.a.j.p.h.s.HTTPSamplerBase: Parser for text/vnd.wap.wml is org.apache.jmeter.protocol.http.parser.RegexpHTMLParser
2019-02-14 21:42:34,789 INFO o.a.j.p.h.s.HTTPSamplerBase: Parser for text/css is org.apache.jmeter.protocol.http.parser.CssParser
2019-02-14 21:42:35,230 INFO o.a.j.e.KeyToolUtils: keytool found at 'keytool'
2019-02-14 21:42:35,230 INFO o.a.j.p.h.p.ProxyControl: HTTP(S) Test Script Recorder SSL Proxy will use keys that support embedded 3rd party resources in file /home/lea/eclipse-workspace/TEST/apache-jmeter-5.0/bin/proxyserver.jks
2019-02-14 21:42:36,083 WARN o.a.j.v.ViewResultsFullVisualizer: Error loading result renderer: org.apache.jmeter.visualizers.RenderInBrowser
java.lang.NoClassDefFoundError: javafx/embed/swing/JFXPanel
	at java.lang.Class.forName0(Native Method) ~[?:?]
	at java.lang.Class.forName(Class.java:291) ~[?:?]
	at org.apache.jmeter.visualizers.ViewResultsFullVisualizer.createComboRender(ViewResultsFullVisualizer.java:462) [ApacheJMeter_components.jar:5.0 r1840935]
	at org.apache.jmeter.visualizers.ViewResultsFullVisualizer.createLeftPanel(ViewResultsFullVisualizer.java:430) [ApacheJMeter_components.jar:5.0 r1840935]
	at org.apache.jmeter.visualizers.ViewResultsFullVisualizer.init(ViewResultsFullVisualizer.java:342) [ApacheJMeter_components.jar:5.0 r1840935]
	at org.apache.jmeter.visualizers.ViewResultsFullVisualizer.<init>(ViewResultsFullVisualizer.java:147) [ApacheJMeter_components.jar:5.0 r1840935]
	at jdk.internal.reflect.NativeConstructorAccessorImpl.newInstance0(Native Method) ~[?:?]
	at jdk.internal.reflect.NativeConstructorAccessorImpl.newInstance(NativeConstructorAccessorImpl.java:62) ~[?:?]
	at jdk.internal.reflect.DelegatingConstructorAccessorImpl.newInstance(DelegatingConstructorAccessorImpl.java:45) ~[?:?]
	at java.lang.reflect.Constructor.newInstance(Constructor.java:488) ~[?:?]
	at java.lang.Class.newInstance(Class.java:560) [?:?]
	at org.apache.jmeter.gui.util.MenuFactory.getGUIComponent(MenuFactory.java:174) [ApacheJMeter_core.jar:5.0 r1840935]
	at org.apache.jmeter.gui.util.MenuFactory.initializeMenus(MenuFactory.java:141) [ApacheJMeter_core.jar:5.0 r1840935]
	at org.apache.jmeter.gui.util.MenuFactory.<clinit>(MenuFactory.java:106) [ApacheJMeter_core.jar:5.0 r1840935]
	at org.apache.jmeter.config.gui.AbstractConfigGui.createPopupMenu(AbstractConfigGui.java:50) [ApacheJMeter_core.jar:5.0 r1840935]
	at org.apache.jmeter.gui.tree.JMeterTreeNode.createPopupMenu(JMeterTreeNode.java:184) [ApacheJMeter_core.jar:5.0 r1840935]
	at org.apache.jmeter.gui.action.EditCommand.doAction(EditCommand.java:46) [ApacheJMeter_core.jar:5.0 r1840935]
	at org.apache.jmeter.gui.action.ActionRouter.performAction(ActionRouter.java:88) [ApacheJMeter_core.jar:5.0 r1840935]
	at org.apache.jmeter.gui.action.ActionRouter.lambda$actionPerformed$0(ActionRouter.java:70) [ApacheJMeter_core.jar:5.0 r1840935]
	at java.awt.event.InvocationEvent.dispatch(InvocationEvent.java:313) [?:?]
	at java.awt.EventQueue.dispatchEventImpl(EventQueue.java:770) [?:?]
	at java.awt.EventQueue.access$600(EventQueue.java:97) [?:?]
	at java.awt.EventQueue$4.run(EventQueue.java:721) [?:?]
	at java.awt.EventQueue$4.run(EventQueue.java:715) [?:?]
	at java.security.AccessController.doPrivileged(Native Method) [?:?]
	at java.security.ProtectionDomain$JavaSecurityAccessImpl.doIntersectionPrivilege(ProtectionDomain.java:87) [?:?]
	at java.awt.EventQueue.dispatchEvent(EventQueue.java:740) [?:?]
	at java.awt.EventDispatchThread.pumpOneEventForFilters(EventDispatchThread.java:203) [?:?]
	at java.awt.EventDispatchThread.pumpEventsForFilter(EventDispatchThread.java:124) [?:?]
	at java.awt.EventDispatchThread.pumpEventsForHierarchy(EventDispatchThread.java:113) [?:?]
	at java.awt.EventDispatchThread.pumpEvents(EventDispatchThread.java:109) [?:?]
	at java.awt.EventDispatchThread.pumpEvents(EventDispatchThread.java:101) [?:?]
	at java.awt.EventDispatchThread.run(EventDispatchThread.java:90) [?:?]
Caused by: java.lang.ClassNotFoundException: javafx.embed.swing.JFXPanel
	at java.net.URLClassLoader.findClass(URLClassLoader.java:466) ~[?:?]
	at java.lang.ClassLoader.loadClass(ClassLoader.java:566) ~[?:?]
	at java.lang.ClassLoader.loadClass(ClassLoader.java:499) ~[?:?]
	... 33 more
2019-02-14 21:42:38,149 INFO o.a.j.e.StandardJMeterEngine: Running the test!
2019-02-14 21:42:38,150 INFO o.a.j.s.SampleEvent: List of sample_variables: []
2019-02-14 21:42:38,150 INFO o.a.j.s.SampleEvent: List of sample_variables: []
2019-02-14 21:42:38,158 INFO o.a.j.g.u.JMeterMenuBar: setRunning(true, *local*)
2019-02-14 21:42:38,207 INFO o.a.j.e.StandardJMeterEngine: Starting ThreadGroup: 1 : Groupe d'unités de tests : ex. DT avec variables
2019-02-14 21:42:38,207 INFO o.a.j.e.StandardJMeterEngine: Starting 1 threads for group Groupe d'unités de tests : ex. DT avec variables.
2019-02-14 21:42:38,207 INFO o.a.j.e.StandardJMeterEngine: Thread will continue on error
2019-02-14 21:42:38,207 INFO o.a.j.t.ThreadGroup: Starting thread group... number=1 threads=1 ramp-up=1 perThread=1000.0 delayedStart=false
2019-02-14 21:42:38,211 INFO o.a.j.t.ThreadGroup: Started thread group number 1
2019-02-14 21:42:38,211 INFO o.a.j.e.StandardJMeterEngine: All thread groups have been started
2019-02-14 21:42:38,214 INFO o.a.j.t.JMeterThread: Thread started: Groupe d'unités de tests : ex. DT avec variables 1-1
2019-02-14 21:42:51,288 INFO o.a.j.t.JMeterThread: Thread is done: Groupe d'unités de tests : ex. DT avec variables 1-1
2019-02-14 21:42:51,288 INFO o.a.j.t.JMeterThread: Thread finished: Groupe d'unités de tests : ex. DT avec variables 1-1
2019-02-14 21:42:51,290 INFO o.a.j.e.StandardJMeterEngine: Notifying test listeners of end of test
2019-02-14 21:42:51,292 INFO o.a.j.g.u.JMeterMenuBar: setRunning(false, *local*)
